[DEBUG] 2025-11-29 15:44:08 profile.views views.rozetler_view:564 - Rozetler cache'den alınamadı: Kullanıcı=admin
[DEBUG] 2025-11-29 15:44:08 profile.views views.rozetler_view:647 - Rozetler cache'lendi: Kullanıcı=admin
[DEBUG] 2025-11-29 15:44:30 profile.views views.cikis_view:147 - Cache temizlendi: Kullanıcı=admin
[INFO] 2025-11-29 15:44:30 profile.views views.cikis_view:153 - Kullanıcı çıkış yaptı: admin
[INFO] 2025-11-29 15:44:47 profile.views views.kayit_view:84 - Kullanıcı kaydı (profil mevcut): kostebek
[INFO] 2025-11-29 15:44:47 profile.views views.profil_view:182 - Yeni rozetler kazanıldı: Kullanıcı=kostebek, Sayı=3
[DEBUG] 2025-11-29 16:12:12 profile.views views.liderlik_view:292 - Liderlik verileri cache'den alınamadı, veritabanından çekiliyor
[DEBUG] 2025-11-29 16:12:12 profile.views views.liderlik_view:307 - Liderlik verileri cache'lendi
[DEBUG] 2025-11-29 16:13:13 profile.views views.liderlik_view:292 - Liderlik verileri cache'den alınamadı, veritabanından çekiliyor
[DEBUG] 2025-11-29 16:13:13 profile.views views.liderlik_view:307 - Liderlik verileri cache'lendi
[DEBUG] 2025-11-29 16:13:20 profile.views views.liderlik_view:292 - Liderlik verileri cache'den alınamadı, veritabanından çekiliyor
[DEBUG] 2025-11-29 16:13:20 profile.views views.liderlik_view:307 - Liderlik verileri cache'lendi
[DEBUG] 2025-11-29 16:13:27 profile.views views.liderlik_oyun_modu_view:382 - Oyun modu liderlik cache'den alınamadı: Mod=karsilasma, Tip=toplam
[DEBUG] 2025-11-29 16:15:52 profile.views views.liderlik_oyun_modu_view:382 - Oyun modu liderlik cache'den alınamadı: Mod=karsilasma, Tip=toplam
[DEBUG] 2025-11-29 16:16:11 profile.views views.rozetler_view:490 - Rozetler cache'den alınamadı: Kullanıcı=kostebek
[DEBUG] 2025-11-29 16:16:11 profile.views views.rozetler_view:527 - Rozetler cache'lendi: Kullanıcı=kostebek
[DEBUG] 2025-11-29 16:16:26 profile.views views.konu_analiz_view:460 - Konu analizi cache'den alınamadı: Kullanıcı=kostebek
[DEBUG] 2025-11-29 16:55:57 profile.views views.liderlik_view:292 - Liderlik verileri cache'den alınamadı, veritabanından çekiliyor
[DEBUG] 2025-11-29 16:55:57 profile.views views.liderlik_view:307 - Liderlik verileri cache'lendi
[DEBUG] 2025-11-29 16:56:04 profile.views views.rozetler_view:490 - Rozetler cache'den alınamadı: Kullanıcı=kostebek
[DEBUG] 2025-11-29 16:56:04 profile.views views.rozetler_view:527 - Rozetler cache'lendi: Kullanıcı=kostebek
[INFO] 2025-11-29 17:08:27 profile.views views.giris_view:109 - Başarılı giriş: kostebek
[INFO] 2025-11-29 17:14:51 profile.views views.giris_view:109 - Başarılı giriş: admin
[INFO] 2025-11-29 17:42:39 profile.views views.giris_view:109 - Başarılı giriş: kostebek
[DEBUG] 2025-11-29 17:43:39 profile.views views.rozetler_view:490 - Rozetler cache'den alınamadı: Kullanıcı=kostebek
[DEBUG] 2025-11-29 17:43:39 profile.views views.rozetler_view:527 - Rozetler cache'lendi: Kullanıcı=kostebek
[INFO] 2025-11-29 17:52:34 profile.views views.giris_view:109 - Başarılı giriş: admin
[DEBUG] 2025-11-29 17:55:26 profile.views views.cikis_view:138 - Cache temizlendi: Kullanıcı=admin
[INFO] 2025-11-29 17:55:26 profile.views views.cikis_view:146 - Kullanıcı çıkış yaptı: admin
[INFO] 2025-11-29 17:55:31 profile.views views.giris_view:109 - Başarılı giriş: kostebek
[DEBUG] 2025-11-29 18:28:51 profile.views views.cikis_view:138 - Cache temizlendi: Kullanıcı=admin
[INFO] 2025-11-29 18:28:51 profile.views views.cikis_view:146 - Kullanıcı çıkış yaptı: admin
[INFO] 2025-11-29 18:28:56 profile.views views.giris_view:109 - Başarılı giriş: kostebek
[INFO] 2025-12-07 12:53:23 profile.views views.giris_view:109 - Başarılı giriş: admin
[INFO] 2025-12-07 12:58:14 profile.views views.giris_view:109 - Başarılı giriş: mete
[INFO] 2025-12-07 12:58:15 profile.views views.profil_view:174 - Yeni rozetler kazanıldı: Kullanıcı=mete, Sayı=1
[INFO] 2025-12-07 13:20:13 profile.views views.giris_view:109 - Başarılı giriş: admin
[DEBUG] 2025-12-07 13:24:40 profile.views views.liderlik_view:292 - Liderlik verileri cache'den alınamadı, veritabanından çekiliyor
[DEBUG] 2025-12-07 13:24:40 profile.views views.liderlik_view:307 - Liderlik verileri cache'lendi
[DEBUG] 2025-12-07 13:24:51 profile.views views.liderlik_oyun_modu_view:382 - Oyun modu liderlik cache'den alınamadı: Mod=karsilasma, Tip=toplam
[DEBUG] 2025-12-07 13:34:01 profile.views views.rozetler_view:490 - Rozetler cache'den alınamadı: Kullanıcı=admin
[DEBUG] 2025-12-07 13:34:01 profile.views views.rozetler_view:527 - Rozetler cache'lendi: Kullanıcı=admin
[WARNING] 2025-12-13 18:32:55 profile.views views.giris_view:113 - Başarısız giriş denemesi: mete
[INFO] 2025-12-13 18:33:02 profile.views views.giris_view:109 - Başarılı giriş: admin
[DEBUG] 2025-12-13 18:35:39 profile.views views.rozetler_view:490 - Rozetler cache'den alınamadı: Kullanıcı=admin
[DEBUG] 2025-12-13 18:35:39 profile.views views.rozetler_view:527 - Rozetler cache'lendi: Kullanıcı=admin
[DEBUG] 2025-12-13 18:36:04 profile.views views.liderlik_view:292 - Liderlik verileri cache'den alınamadı, veritabanından çekiliyor
[DEBUG] 2025-12-13 18:36:04 profile.views views.liderlik_view:307 - Liderlik verileri cache'lendi
[DEBUG] 2025-12-13 18:52:22 profile.views views.liderlik_view:292 - Liderlik verileri cache'den alınamadı, veritabanından çekiliyor
[DEBUG] 2025-12-13 18:52:22 profile.views views.liderlik_view:307 - Liderlik verileri cache'lendi
[DEBUG] 2025-12-13 19:32:30 profile.views views.liderlik_view:292 - Liderlik verileri cache'den alınamadı, veritabanından çekiliyor
[DEBUG] 2025-12-13 19:32:30 profile.views views.liderlik_view:307 - Liderlik verileri cache'lendi
[DEBUG] 2025-12-13 19:53:45 profile.views views.liderlik_view:292 - Liderlik verileri cache'den alınamadı, veritabanından çekiliyor
[DEBUG] 2025-12-13 19:53:45 profile.views views.liderlik_view:307 - Liderlik verileri cache'lendi
[DEBUG] 2025-12-13 19:54:19 profile.views views.rozetler_view:490 - Rozetler cache'den alınamadı: Kullanıcı=admin
[DEBUG] 2025-12-13 19:54:19 profile.views views.rozetler_view:527 - Rozetler cache'lendi: Kullanıcı=admin
[DEBUG] 2025-12-14 13:13:26 profile.views views.liderlik_view:292 - Liderlik verileri cache'den alınamadı, veritabanından çekiliyor
[DEBUG] 2025-12-14 13:13:26 profile.views views.liderlik_view:307 - Liderlik verileri cache'lendi
[DEBUG] 2025-12-14 13:16:50 profile.views views.liderlik_view:292 - Liderlik verileri cache'den alınamadı, veritabanından çekiliyor
[DEBUG] 2025-12-14 13:16:50 profile.views views.liderlik_view:307 - Liderlik verileri cache'lendi
[DEBUG] 2025-12-14 13:21:29 profile.views views.liderlik_oyun_modu_view:382 - Oyun modu liderlik cache'den alınamadı: Mod=karsilasma, Tip=toplam
[DEBUG] 2025-12-14 13:21:30 profile.views views.liderlik_oyun_modu_view:382 - Oyun modu liderlik cache'den alınamadı: Mod=karsilasma, Tip=haftalik
[DEBUG] 2025-12-14 13:21:31 profile.views views.liderlik_oyun_modu_view:382 - Oyun modu liderlik cache'den alınamadı: Mod=bul_bakalim, Tip=haftalik
[DEBUG] 2025-12-14 13:21:35 profile.views views.rozetler_view:490 - Rozetler cache'den alınamadı: Kullanıcı=admin
[DEBUG] 2025-12-14 13:21:35 profile.views views.rozetler_view:527 - Rozetler cache'lendi: Kullanıcı=admin
[DEBUG] 2025-12-14 13:21:48 profile.views views.konu_analiz_view:460 - Konu analizi cache'den alınamadı: Kullanıcı=admin
[DEBUG] 2025-12-14 13:41:27 profile.views views.liderlik_view:292 - Liderlik verileri cache'den alınamadı, veritabanından çekiliyor
[DEBUG] 2025-12-14 13:41:27 profile.views views.liderlik_view:307 - Liderlik verileri cache'lendi
[DEBUG] 2025-12-14 13:41:34 profile.views views.liderlik_oyun_modu_view:382 - Oyun modu liderlik cache'den alınamadı: Mod=karsilasma, Tip=toplam
[DEBUG] 2025-12-14 13:42:02 profile.views views.liderlik_oyun_modu_view:382 - Oyun modu liderlik cache'den alınamadı: Mod=bul_bakalim, Tip=toplam
[DEBUG] 2025-12-14 13:42:04 profile.views views.liderlik_oyun_modu_view:382 - Oyun modu liderlik cache'den alınamadı: Mod=karsilasma, Tip=haftalik
[DEBUG] 2025-12-14 13:42:17 profile.views views.liderlik_ders_view:410 - Ders liderlik cache'den alınamadı: Ders=matematik, Sıralama=dogru
[DEBUG] 2025-12-14 13:42:19 profile.views views.liderlik_ders_view:410 - Ders liderlik cache'den alınamadı: Ders=fizik, Sıralama=dogru
[DEBUG] 2025-12-14 13:42:22 profile.views views.liderlik_ders_view:410 - Ders liderlik cache'den alınamadı: Ders=biyoloji, Sıralama=dogru
[DEBUG] 2025-12-14 13:42:33 profile.views views.liderlik_genel_view:348 - Genel liderlik cache'den alınamadı: Tip=toplam, Alan=genel
[DEBUG] 2025-12-14 13:42:43 profile.views views.liderlik_genel_view:348 - Genel liderlik cache'den alınamadı: Tip=toplam, Alan=sayisal
[DEBUG] 2025-12-14 13:42:44 profile.views views.liderlik_genel_view:348 - Genel liderlik cache'den alınamadı: Tip=toplam, Alan=sozel
[DEBUG] 2025-12-14 13:42:45 profile.views views.liderlik_genel_view:348 - Genel liderlik cache'den alınamadı: Tip=toplam, Alan=esit_agirlik
[DEBUG] 2025-12-14 13:42:45 profile.views views.liderlik_genel_view:348 - Genel liderlik cache'den alınamadı: Tip=toplam, Alan=dil
[DEBUG] 2025-12-14 13:46:40 profile.views views.rozetler_view:490 - Rozetler cache'den alınamadı: Kullanıcı=admin
[DEBUG] 2025-12-14 13:46:40 profile.views views.rozetler_view:527 - Rozetler cache'lendi: Kullanıcı=admin
[DEBUG] 2025-12-14 13:52:46 profile.views views.liderlik_view:292 - Liderlik verileri cache'den alınamadı, veritabanından çekiliyor
[DEBUG] 2025-12-14 13:52:46 profile.views views.liderlik_view:307 - Liderlik verileri cache'lendi
[DEBUG] 2025-12-14 13:53:11 profile.views views.rozetler_view:490 - Rozetler cache'den alınamadı: Kullanıcı=admin
[DEBUG] 2025-12-14 13:53:11 profile.views views.rozetler_view:527 - Rozetler cache'lendi: Kullanıcı=admin
[DEBUG] 2025-12-14 14:37:35 profile.views views.liderlik_view:292 - Liderlik verileri cache'den alınamadı, veritabanından çekiliyor
[DEBUG] 2025-12-14 14:37:35 profile.views views.liderlik_view:307 - Liderlik verileri cache'lendi
[INFO] 2025-12-14 14:49:17 profile.views views.giris_view:109 - Başarılı giriş: admin
[DEBUG] 2025-12-14 14:50:35 profile.views views.rozetler_view:490 - Rozetler cache'den alınamadı: Kullanıcı=admin
[DEBUG] 2025-12-14 14:50:35 profile.views views.rozetler_view:527 - Rozetler cache'lendi: Kullanıcı=admin
[DEBUG] 2025-12-14 14:50:42 profile.views views.liderlik_view:292 - Liderlik verileri cache'den alınamadı, veritabanından çekiliyor
[DEBUG] 2025-12-14 14:50:42 profile.views views.liderlik_view:307 - Liderlik verileri cache'lendi
[DEBUG] 2025-12-14 14:50:48 profile.views views.liderlik_genel_view:348 - Genel liderlik cache'den alınamadı: Tip=toplam, Alan=genel
[DEBUG] 2025-12-14 14:50:52 profile.views views.liderlik_genel_view:348 - Genel liderlik cache'den alınamadı: Tip=haftalik, Alan=genel
[DEBUG] 2025-12-14 14:50:57 profile.views views.liderlik_oyun_modu_view:382 - Oyun modu liderlik cache'den alınamadı: Mod=karsilasma, Tip=toplam
[INFO] 2025-12-15 17:05:24 profile.views views.giris_view:109 - Başarılı giriş: admin
[INFO] 2025-12-15 17:18:14 profile.views views.giris_view:109 - Başarılı giriş: admin
[DEBUG] 2025-12-15 18:15:02 profile.views views.liderlik_view:292 - Liderlik verileri cache'den alınamadı, veritabanından çekiliyor
[DEBUG] 2025-12-15 18:15:03 profile.views views.liderlik_view:307 - Liderlik verileri cache'lendi
[DEBUG] 2025-12-15 18:32:25 profile.views views.rozetler_view:490 - Rozetler cache'den alınamadı: Kullanıcı=admin
[DEBUG] 2025-12-15 18:32:25 profile.views views.rozetler_view:527 - Rozetler cache'lendi: Kullanıcı=admin
[DEBUG] 2025-12-15 18:44:36 profile.views views.rozetler_view:490 - Rozetler cache'den alınamadı: Kullanıcı=admin
[DEBUG] 2025-12-15 18:44:36 profile.views views.rozetler_view:527 - Rozetler cache'lendi: Kullanıcı=admin
[DEBUG] 2025-12-15 19:07:54 profile.views views.rozetler_view:490 - Rozetler cache'den alınamadı: Kullanıcı=admin
[DEBUG] 2025-12-15 19:07:54 profile.views views.rozetler_view:527 - Rozetler cache'lendi: Kullanıcı=admin
[DEBUG] 2025-12-15 19:07:57 profile.views views.liderlik_view:292 - Liderlik verileri cache'den alınamadı, veritabanından çekiliyor
[DEBUG] 2025-12-15 19:07:57 profile.views views.liderlik_view:307 - Liderlik verileri cache'lendi
[DEBUG] 2025-12-15 19:38:03 profile.views views.rozetler_view:556 - Rozetler cache'den alınamadı: Kullanıcı=admin
[DEBUG] 2025-12-15 19:38:03 profile.views views.rozetler_view:593 - Rozetler cache'lendi: Kullanıcı=admin
[DEBUG] 2025-12-15 19:38:05 profile.views views.liderlik_view:307 - Liderlik cache'den alınamadı:  Kategori=haftalik
[DEBUG] 2025-12-15 19:38:14 profile.views views.liderlik_view:307 - Liderlik cache'den alınamadı:  Kategori=aylik
[DEBUG] 2025-12-15 19:38:36 profile.views views.liderlik_view:307 - Liderlik cache'den alınamadı:  Kategori=tum_zamanlar
[DEBUG] 2025-12-15 19:38:39 profile.views views.liderlik_oyun_modu_view:448 - Oyun modu liderlik cache'den alınamadı: Mod=karsilasma, Tip=toplam
[DEBUG] 2025-12-15 19:43:27 profile.views views.liderlik_view:307 - Liderlik cache'den alınamadı:  Kategori=haftalik
[DEBUG] 2025-12-15 19:52:32 profile.views views.liderlik_view:307 - Liderlik cache'den alınamadı:  Kategori=haftalik
[DEBUG] 2025-12-15 19:52:53 profile.views views.liderlik_view:307 - Liderlik cache'den alınamadı:  Kategori=haftalik
[DEBUG] 2025-12-15 19:55:38 profile.views views.liderlik_view:307 - Liderlik cache'den alınamadı:  Kategori=haftalik
[INFO] 2025-12-15 20:08:36 profile.management.commands.reset_liderlik reset_liderlik.handle:87 - Liderlik reset tamamlandı:  Tip=tum, Güncellenen=0
[INFO] 2025-12-15 20:23:29 profile.scheduler scheduler.start_scheduler:42 - Liderlik zamanlayıcı başlatıldı!
